{
  "RSpec": {
    "coverage": {
      "/Users/haleyswain/Desktop/final-code-review/app/models/user.rb": [
        1,
        null,
        null,
        1,
        null,
        null
      ],
      "/Users/haleyswain/Desktop/final-code-review/app/models/application_record.rb": [
        1,
        1,
        null
      ],
      "/Users/haleyswain/Desktop/final-code-review/app/controllers/application_controller.rb": [
        1,
        1,
        null
      ],
      "/Users/haleyswain/Desktop/final-code-review/app/helpers/application_helper.rb": [
        1,
        null
      ],
      "/Users/haleyswain/Desktop/final-code-review/app/channels/application_cable/channel.rb": [
        1,
        1,
        null,
        null
      ],
      "/Users/haleyswain/Desktop/final-code-review/app/channels/application_cable/connection.rb": [
        1,
        1,
        null,
        null
      ],
      "/Users/haleyswain/Desktop/final-code-review/app/controllers/about_controller.rb": [
        1,
        1,
        3,
        0,
        null,
        null,
        null
      ],
      "/Users/haleyswain/Desktop/final-code-review/app/controllers/home_controller.rb": [
        1,
        null,
        1,
        10,
        4,
        null,
        null,
        null
      ],
      "/Users/haleyswain/Desktop/final-code-review/app/controllers/projects_controller.rb": [
        1,
        1,
        2,
        2,
        null,
        null
      ],
      "/Users/haleyswain/Desktop/final-code-review/app/jobs/application_job.rb": [
        1,
        null
      ],
      "/Users/haleyswain/Desktop/final-code-review/app/mailers/application_mailer.rb": [
        1,
        1,
        1,
        null
      ],
      "/Users/haleyswain/Desktop/final-code-review/app/models/project.rb": [
        1,
        null
      ],
      "/Users/haleyswain/Desktop/final-code-review/app/services/get_project.rb": [
        1,
        1,
        2,
        2,
        null,
        null
      ]
    },
    "timestamp": 1488583267
  }
}
